<?xml version="1.0" encoding="UTF-8"?>
<!-- Generated by org.testng.reporters.JUnitXMLReporter -->
<testsuite ignored="2" hostname="DESKTOP-FK2PR85" failures="0" tests="1" name="Test" time="24.64" errors="0" timestamp="2023-12-11T08:56:56 IST">
  <testcase classname="testcases.Testcase" name="addNewJobRole" time="11.293"/>
  <testcase classname="testcases.Testcase" name="tc1" time="0.0">
    <ignored/>
  </testcase> <!-- tc1 -->
  <testcase classname="testcases.Testcase" name="addNewUser" time="0.0">
    <ignored/>
  </testcase> <!-- addNewUser -->
</testsuite> <!-- Test -->
